
2024/03/31 (23:38:10) | ===> btop++ v.1.3.2
2024/03/31 (23:38:10) | INFO: Logger set to INFO
2024/03/31 (23:38:12) | INFO: Logger set to DEBUG
2024/03/31 (23:38:12) | INFO: Logger set to INFO
2024/03/31 (23:38:13) | INFO: Logger set to DEBUG
2024/03/31 (23:38:13) | INFO: Logger set to INFO
2024/03/31 (23:39:35) | INFO: Quitting! Runtime: 00:04:32

2024/04/01 (15:43:27) | ===> btop++ v.1.3.2
2024/04/01 (15:43:27) | INFO: Logger set to INFO
2024/04/01 (15:43:27) | INFO: Running on /dev/ttys000
2024/04/01 (15:45:45) | INFO: Quitting! Runtime: 00:02:18

2024/04/01 (17:53:13) | ===> btop++ v.1.3.2
2024/04/01 (17:53:13) | INFO: Logger set to INFO
2024/04/01 (17:53:13) | INFO: Running on /dev/ttys004
2024/04/01 (17:53:16) | INFO: Quitting! Runtime: 00:00:03

2024/04/01 (18:06:05) | ===> btop++ v.1.3.2
2024/04/01 (18:06:05) | INFO: Logger set to INFO
2024/04/01 (18:06:05) | INFO: Running on /dev/ttys000
2024/04/01 (18:06:12) | INFO: Quitting! Runtime: 00:00:07

2024/04/01 (18:06:19) | ===> btop++ v.1.3.2
2024/04/01 (18:06:19) | INFO: Logger set to INFO
2024/04/01 (18:06:19) | INFO: Running on /dev/ttys000
2024/04/01 (18:06:25) | INFO: Quitting! Runtime: 00:00:06

2024/04/01 (18:06:26) | ===> btop++ v.1.3.2
2024/04/01 (18:06:26) | INFO: Logger set to INFO
2024/04/01 (18:06:26) | INFO: Running on /dev/ttys004

2024/04/01 (18:06:39) | ===> btop++ v.1.3.2
2024/04/01 (18:06:39) | INFO: Logger set to INFO
2024/04/01 (18:06:39) | INFO: Running on /dev/ttys000
2024/04/01 (18:06:54) | INFO: Quitting! Runtime: 00:00:15
